# JRE version: Java(TM) SE Runtime Environment (8.0_40-b25) (build 1.8.0_40-b25)
# Java VM: Java HotSpot(TM) 64-Bit Server VM (25.40-b25 mixed mode linux-amd64 compressed oops)
Heap:
 PSYoungGen      total 85504K, used 32295K [0x00000000eb600000, 0x00000000f2100000, 0x0000000100000000)
  eden space 76288K, 42% used [0x00000000eb600000,0x00000000ed589f68,0x00000000f0080000)
  from space 9216K, 0% used [0x00000000f0080000,0x00000000f0080000,0x00000000f0980000)
  to   space 9216K, 0% used [0x00000000f1800000,0x00000000f1800000,0x00000000f2100000)
 ParOldGen       total 51200K, used 8808K [0x00000000c2200000, 0x00000000c5400000, 0x00000000eb600000)
  object space 51200K, 17% used [0x00000000c2200000,0x00000000c2a9a0e0,0x00000000c5400000)
 Metaspace       used 36523K, capacity 36856K, committed 37120K, reserved 1081344K
  class space    used 4485K, capacity 4606K, committed 4608K, reserved 1048576K
GC Heap History (10 events):
Event: 2,206 GC heap before
{Heap before GC invocations=9 (full 1):
 PSYoungGen      total 68096K, used 3375K [0x00000000eb600000, 0x00000000eff00000, 0x0000000100000000)
  eden space 62464K, 0% used [0x00000000eb600000,0x00000000eb600000,0x00000000ef300000)
  from space 5632K, 59% used [0x00000000ef980000,0x00000000efccbe10,0x00000000eff00000)
  to   space 6144K, 0% used [0x00000000ef300000,0x00000000ef300000,0x00000000ef900000)
 ParOldGen       total 42496K, used 5524K [0x00000000c2200000, 0x00000000c4b80000, 0x00000000eb600000)
  object space 42496K, 13% used [0x00000000c2200000,0x00000000c27653d0,0x00000000c4b80000)
 Metaspace       used 21023K, capacity 21200K, committed 21296K, reserved 1069056K
  class space    used 2638K, capacity 2684K, committed 2688K, reserved 1048576K
Event: 2,240 GC heap after
Heap after GC invocations=9 (full 1):
 PSYoungGen      total 68096K, used 0K [0x00000000eb600000, 0x00000000eff00000, 0x0000000100000000)
  eden space 62464K, 0% used [0x00000000eb600000,0x00000000eb600000,0x00000000ef300000)
  from space 5632K, 0% used [0x00000000ef980000,0x00000000ef980000,0x00000000eff00000)
  to   space 6144K, 0% used [0x00000000ef300000,0x00000000ef300000,0x00000000ef900000)
 ParOldGen       total 32256K, used 5677K [0x00000000c2200000, 0x00000000c4180000, 0x00000000eb600000)
  object space 32256K, 17% used [0x00000000c2200000,0x00000000c278b698,0x00000000c4180000)
 Metaspace       used 21023K, capacity 21200K, committed 21296K, reserved 1069056K
  class space    used 2638K, capacity 2684K, committed 2688K, reserved 1048576K
}
Event: 18,380 GC heap before
{Heap before GC invocations=10 (full 1):
 PSYoungGen      total 68096K, used 62464K [0x00000000eb600000, 0x00000000eff00000, 0x0000000100000000)
  eden space 62464K, 100% used [0x00000000eb600000,0x00000000ef300000,0x00000000ef300000)
  from space 5632K, 0% used [0x00000000ef980000,0x00000000ef980000,0x00000000eff00000)
  to   space 6144K, 0% used [0x00000000ef300000,0x00000000ef300000,0x00000000ef900000)
 ParOldGen       total 32256K, used 5677K [0x00000000c2200000, 0x00000000c4180000, 0x00000000eb600000)
  object space 32256K, 17% used [0x00000000c2200000,0x00000000c278b698,0x00000000c4180000)
 Metaspace       used 29549K, capacity 29896K, committed 30208K, reserved 1075200K
  class space    used 3663K, capacity 3760K, committed 3840K, reserved 1048576K
Event: 18,394 GC heap after
Heap after GC invocations=10 (full 1):
 PSYoungGen      total 68608K, used 6139K [0x00000000eb600000, 0x00000000f1180000, 0x0000000100000000)
  eden space 62464K, 0% used [0x00000000eb600000,0x00000000eb600000,0x00000000ef300000)
  from space 6144K, 99% used [0x00000000ef300000,0x00000000ef8fee08,0x00000000ef900000)
  to   space 7680K, 0% used [0x00000000f0a00000,0x00000000f0a00000,0x00000000f1180000)
 ParOldGen       total 32256K, used 6855K [0x00000000c2200000, 0x00000000c4180000, 0x00000000eb600000)
  object space 32256K, 21% used [0x00000000c2200000,0x00000000c28b1cd0,0x00000000c4180000)
 Metaspace       used 29549K, capacity 29896K, committed 30208K, reserved 1075200K
  class space    used 3663K, capacity 3760K, committed 3840K, reserved 1048576K
}
Event: 24,994 GC heap before
{Heap before GC invocations=11 (full 1):
 PSYoungGen      total 68608K, used 68603K [0x00000000eb600000, 0x00000000f1180000, 0x0000000100000000)
  eden space 62464K, 100% used [0x00000000eb600000,0x00000000ef300000,0x00000000ef300000)
  from space 6144K, 99% used [0x00000000ef300000,0x00000000ef8fee08,0x00000000ef900000)
  to   space 7680K, 0% used [0x00000000f0a00000,0x00000000f0a00000,0x00000000f1180000)
 ParOldGen       total 32256K, used 6855K [0x00000000c2200000, 0x00000000c4180000, 0x00000000eb600000)
  object space 32256K, 21% used [0x00000000c2200000,0x00000000c28b1cd0,0x00000000c4180000)
 Metaspace       used 34949K, capacity 35258K, committed 35456K, reserved 1081344K
  class space    used 4319K, capacity 4459K, committed 4480K, reserved 1048576K
Event: 25,007 GC heap after
Heap after GC invocations=11 (full 1):
 PSYoungGen      total 83968K, used 7668K [0x00000000eb600000, 0x00000000f1280000, 0x0000000100000000)
  eden space 76288K, 0% used [0x00000000eb600000,0x00000000eb600000,0x00000000f0080000)
  from space 7680K, 99% used [0x00000000f0a00000,0x00000000f117d298,0x00000000f1180000)
  to   space 9216K, 0% used [0x00000000f0080000,0x00000000f0080000,0x00000000f0980000)
 ParOldGen       total 32256K, used 8201K [0x00000000c2200000, 0x00000000c4180000, 0x00000000eb600000)
  object space 32256K, 25% used [0x00000000c2200000,0x00000000c2a026d8,0x00000000c4180000)
 Metaspace       used 34949K, capacity 35258K, committed 35456K, reserved 1081344K
  class space    used 4319K, capacity 4459K, committed 4480K, reserved 1048576K
}
Event: 29,270 GC heap before
{Heap before GC invocations=12 (full 1):
 PSYoungGen      total 83968K, used 11527K [0x00000000eb600000, 0x00000000f1280000, 0x0000000100000000)
  eden space 76288K, 5% used [0x00000000eb600000,0x00000000eb9c4a90,0x00000000f0080000)
  from space 7680K, 99% used [0x00000000f0a00000,0x00000000f117d298,0x00000000f1180000)
  to   space 9216K, 0% used [0x00000000f0080000,0x00000000f0080000,0x00000000f0980000)
 ParOldGen       total 32256K, used 8201K [0x00000000c2200000, 0x00000000c4180000, 0x00000000eb600000)
  object space 32256K, 25% used [0x00000000c2200000,0x00000000c2a026d8,0x00000000c4180000)
 Metaspace       used 35004K, capacity 35322K, committed 35456K, reserved 1081344K
  class space    used 4321K, capacity 4459K, committed 4480K, reserved 1048576K
Event: 29,281 GC heap after
Heap after GC invocations=12 (full 1):
 PSYoungGen      total 85504K, used 144K [0x00000000eb600000, 0x00000000f2100000, 0x0000000100000000)
  eden space 76288K, 0% used [0x00000000eb600000,0x00000000eb600000,0x00000000f0080000)
  from space 9216K, 1% used [0x00000000f0080000,0x00000000f00a4088,0x00000000f0980000)
  to   space 9216K, 0% used [0x00000000f1800000,0x00000000f1800000,0x00000000f2100000)
 ParOldGen       total 32256K, used 11748K [0x00000000c2200000, 0x00000000c4180000, 0x00000000eb600000)
  object space 32256K, 36% used [0x00000000c2200000,0x00000000c2d79128,0x00000000c4180000)
 Metaspace       used 35004K, capacity 35322K, committed 35456K, reserved 1081344K
  class space    used 4321K, capacity 4459K, committed 4480K, reserved 1048576K
}
Event: 29,281 GC heap before
{Heap before GC invocations=13 (full 2):
 PSYoungGen      total 85504K, used 144K [0x00000000eb600000, 0x00000000f2100000, 0x0000000100000000)
  eden space 76288K, 0% used [0x00000000eb600000,0x00000000eb600000,0x00000000f0080000)
  from space 9216K, 1% used [0x00000000f0080000,0x00000000f00a4088,0x00000000f0980000)
  to   space 9216K, 0% used [0x00000000f1800000,0x00000000f1800000,0x00000000f2100000)
 ParOldGen       total 32256K, used 11748K [0x00000000c2200000, 0x00000000c4180000, 0x00000000eb600000)
  object space 32256K, 36% used [0x00000000c2200000,0x00000000c2d79128,0x00000000c4180000)
 Metaspace       used 35004K, capacity 35322K, committed 35456K, reserved 1081344K
  class space    used 4321K, capacity 4459K, committed 4480K, reserved 1048576K
Event: 29,361 GC heap after
Heap after GC invocations=13 (full 2):
 PSYoungGen      total 85504K, used 0K [0x00000000eb600000, 0x00000000f2100000, 0x0000000100000000)
  eden space 76288K, 0% used [0x00000000eb600000,0x00000000eb600000,0x00000000f0080000)
  from space 9216K, 0% used [0x00000000f0080000,0x00000000f0080000,0x00000000f0980000)
  to   space 9216K, 0% used [0x00000000f1800000,0x00000000f1800000,0x00000000f2100000)
 ParOldGen       total 51200K, used 8808K [0x00000000c2200000, 0x00000000c5400000, 0x00000000eb600000)
  object space 51200K, 17% used [0x00000000c2200000,0x00000000c2a9a0e0,0x00000000c5400000)
 Metaspace       used 35004K, capacity 35322K, committed 35456K, reserved 1081344K
  class space    used 4321K, capacity 4459K, committed 4480K, reserved 1048576K
}

