# JRE version: Java(TM) SE Runtime Environment (8.0_40-b25) (build 1.8.0_40-b25)
# Java VM: Java HotSpot(TM) 64-Bit Server VM (25.40-b25 mixed mode linux-amd64 compressed oops)
Heap:
 PSYoungGen      total 23552K, used 8053K [0x00000000e9300000, 0x00000000eaf80000, 0x0000000100000000)
  eden space 17920K, 43% used [0x00000000e9300000,0x00000000e9a8f718,0x00000000ea480000)
  from space 5632K, 5% used [0x00000000eaa00000,0x00000000eaa4e050,0x00000000eaf80000)
  to   space 5632K, 0% used [0x00000000ea480000,0x00000000ea480000,0x00000000eaa00000)
 ParOldGen       total 26112K, used 10656K [0x00000000bb800000, 0x00000000bd180000, 0x00000000e9300000)
  object space 26112K, 40% used [0x00000000bb800000,0x00000000bc268210,0x00000000bd180000)
 Metaspace       used 33273K, capacity 33632K, committed 34048K, reserved 1079296K
  class space    used 4204K, capacity 4304K, committed 4352K, reserved 1048576K
GC Heap History (10 events):
Event: 139,218 GC heap before
{Heap before GC invocations=13 (full 1):
 PSYoungGen      total 23552K, used 19610K [0x00000000e9300000, 0x00000000eaf80000, 0x0000000100000000)
  eden space 17920K, 100% used [0x00000000e9300000,0x00000000ea480000,0x00000000ea480000)
  from space 5632K, 30% used [0x00000000ea480000,0x00000000ea626b40,0x00000000eaa00000)
  to   space 5632K, 0% used [0x00000000eaa00000,0x00000000eaa00000,0x00000000eaf80000)
 ParOldGen       total 26112K, used 7270K [0x00000000bb800000, 0x00000000bd180000, 0x00000000e9300000)
  object space 26112K, 27% used [0x00000000bb800000,0x00000000bbf19bd0,0x00000000bd180000)
 Metaspace       used 30568K, capacity 30870K, committed 31360K, reserved 1077248K
  class space    used 3821K, capacity 3901K, committed 3968K, reserved 1048576K
Event: 139,295 GC heap after
Heap after GC invocations=13 (full 1):
 PSYoungGen      total 23552K, used 2092K [0x00000000e9300000, 0x00000000eaf80000, 0x0000000100000000)
  eden space 17920K, 0% used [0x00000000e9300000,0x00000000e9300000,0x00000000ea480000)
  from space 5632K, 37% used [0x00000000eaa00000,0x00000000eac0b338,0x00000000eaf80000)
  to   space 5632K, 0% used [0x00000000ea480000,0x00000000ea480000,0x00000000eaa00000)
 ParOldGen       total 26112K, used 7862K [0x00000000bb800000, 0x00000000bd180000, 0x00000000e9300000)
  object space 26112K, 30% used [0x00000000bb800000,0x00000000bbfadbd0,0x00000000bd180000)
 Metaspace       used 30568K, capacity 30870K, committed 31360K, reserved 1077248K
  class space    used 3821K, capacity 3901K, committed 3968K, reserved 1048576K
}
Event: 236,795 GC heap before
{Heap before GC invocations=14 (full 1):
 PSYoungGen      total 23552K, used 20012K [0x00000000e9300000, 0x00000000eaf80000, 0x0000000100000000)
  eden space 17920K, 100% used [0x00000000e9300000,0x00000000ea480000,0x00000000ea480000)
  from space 5632K, 37% used [0x00000000eaa00000,0x00000000eac0b338,0x00000000eaf80000)
  to   space 5632K, 0% used [0x00000000ea480000,0x00000000ea480000,0x00000000eaa00000)
 ParOldGen       total 26112K, used 7862K [0x00000000bb800000, 0x00000000bd180000, 0x00000000e9300000)
  object space 26112K, 30% used [0x00000000bb800000,0x00000000bbfadbd0,0x00000000bd180000)
 Metaspace       used 31565K, capacity 31888K, committed 32256K, reserved 1077248K
  class space    used 3954K, capacity 4046K, committed 4096K, reserved 1048576K
Event: 236,811 GC heap after
Heap after GC invocations=14 (full 1):
 PSYoungGen      total 23552K, used 1133K [0x00000000e9300000, 0x00000000eaf80000, 0x0000000100000000)
  eden space 17920K, 0% used [0x00000000e9300000,0x00000000e9300000,0x00000000ea480000)
  from space 5632K, 20% used [0x00000000ea480000,0x00000000ea59b778,0x00000000eaa00000)
  to   space 5632K, 0% used [0x00000000eaa00000,0x00000000eaa00000,0x00000000eaf80000)
 ParOldGen       total 26112K, used 8429K [0x00000000bb800000, 0x00000000bd180000, 0x00000000e9300000)
  object space 26112K, 32% used [0x00000000bb800000,0x00000000bc03b4f0,0x00000000bd180000)
 Metaspace       used 31565K, capacity 31888K, committed 32256K, reserved 1077248K
  class space    used 3954K, capacity 4046K, committed 4096K, reserved 1048576K
}
Event: 242,544 GC heap before
{Heap before GC invocations=15 (full 1):
 PSYoungGen      total 23552K, used 19053K [0x00000000e9300000, 0x00000000eaf80000, 0x0000000100000000)
  eden space 17920K, 100% used [0x00000000e9300000,0x00000000ea480000,0x00000000ea480000)
  from space 5632K, 20% used [0x00000000ea480000,0x00000000ea59b778,0x00000000eaa00000)
  to   space 5632K, 0% used [0x00000000eaa00000,0x00000000eaa00000,0x00000000eaf80000)
 ParOldGen       total 26112K, used 8429K [0x00000000bb800000, 0x00000000bd180000, 0x00000000e9300000)
  object space 26112K, 32% used [0x00000000bb800000,0x00000000bc03b4f0,0x00000000bd180000)
 Metaspace       used 32895K, capacity 33264K, committed 33536K, reserved 1079296K
  class space    used 4182K, capacity 4270K, committed 4352K, reserved 1048576K
Event: 242,557 GC heap after
Heap after GC invocations=15 (full 1):
 PSYoungGen      total 23552K, used 1609K [0x00000000e9300000, 0x00000000eaf80000, 0x0000000100000000)
  eden space 17920K, 0% used [0x00000000e9300000,0x00000000e9300000,0x00000000ea480000)
  from space 5632K, 28% used [0x00000000eaa00000,0x00000000eab926e8,0x00000000eaf80000)
  to   space 5632K, 0% used [0x00000000ea480000,0x00000000ea480000,0x00000000eaa00000)
 ParOldGen       total 26112K, used 8647K [0x00000000bb800000, 0x00000000bd180000, 0x00000000e9300000)
  object space 26112K, 33% used [0x00000000bb800000,0x00000000bc071c78,0x00000000bd180000)
 Metaspace       used 32895K, capacity 33264K, committed 33536K, reserved 1079296K
  class space    used 4182K, capacity 4270K, committed 4352K, reserved 1048576K
}
Event: 412,921 GC heap before
{Heap before GC invocations=16 (full 1):
 PSYoungGen      total 23552K, used 19037K [0x00000000e9300000, 0x00000000eaf80000, 0x0000000100000000)
  eden space 17920K, 97% used [0x00000000e9300000,0x00000000ea405008,0x00000000ea480000)
  from space 5632K, 28% used [0x00000000eaa00000,0x00000000eab926e8,0x00000000eaf80000)
  to   space 5632K, 0% used [0x00000000ea480000,0x00000000ea480000,0x00000000eaa00000)
 ParOldGen       total 26112K, used 8647K [0x00000000bb800000, 0x00000000bd180000, 0x00000000e9300000)
  object space 26112K, 33% used [0x00000000bb800000,0x00000000bc071c78,0x00000000bd180000)
 Metaspace       used 33005K, capacity 33302K, committed 33536K, reserved 1079296K
  class space    used 4202K, capacity 4303K, committed 4352K, reserved 1048576K
Event: 412,931 GC heap after
Heap after GC invocations=16 (full 1):
 PSYoungGen      total 23552K, used 1676K [0x00000000e9300000, 0x00000000eaf80000, 0x0000000100000000)
  eden space 17920K, 0% used [0x00000000e9300000,0x00000000e9300000,0x00000000ea480000)
  from space 5632K, 29% used [0x00000000ea480000,0x00000000ea6233e8,0x00000000eaa00000)
  to   space 5632K, 0% used [0x00000000eaa00000,0x00000000eaa00000,0x00000000eaf80000)
 ParOldGen       total 26112K, used 9266K [0x00000000bb800000, 0x00000000bd180000, 0x00000000e9300000)
  object space 26112K, 35% used [0x00000000bb800000,0x00000000bc10ca40,0x00000000bd180000)
 Metaspace       used 33005K, capacity 33302K, committed 33536K, reserved 1079296K
  class space    used 4202K, capacity 4303K, committed 4352K, reserved 1048576K
}
Event: 698,837 GC heap before
{Heap before GC invocations=17 (full 1):
 PSYoungGen      total 23552K, used 19596K [0x00000000e9300000, 0x00000000eaf80000, 0x0000000100000000)
  eden space 17920K, 100% used [0x00000000e9300000,0x00000000ea480000,0x00000000ea480000)
  from space 5632K, 29% used [0x00000000ea480000,0x00000000ea6233e8,0x00000000eaa00000)
  to   space 5632K, 0% used [0x00000000eaa00000,0x00000000eaa00000,0x00000000eaf80000)
 ParOldGen       total 26112K, used 9266K [0x00000000bb800000, 0x00000000bd180000, 0x00000000e9300000)
  object space 26112K, 35% used [0x00000000bb800000,0x00000000bc10ca40,0x00000000bd180000)
 Metaspace       used 33212K, capacity 33564K, committed 33792K, reserved 1079296K
  class space    used 4203K, capacity 4304K, committed 4352K, reserved 1048576K
Event: 698,894 GC heap after
Heap after GC invocations=17 (full 1):
 PSYoungGen      total 23552K, used 312K [0x00000000e9300000, 0x00000000eaf80000, 0x0000000100000000)
  eden space 17920K, 0% used [0x00000000e9300000,0x00000000e9300000,0x00000000ea480000)
  from space 5632K, 5% used [0x00000000eaa00000,0x00000000eaa4e050,0x00000000eaf80000)
  to   space 5632K, 0% used [0x00000000ea480000,0x00000000ea480000,0x00000000eaa00000)
 ParOldGen       total 26112K, used 10656K [0x00000000bb800000, 0x00000000bd180000, 0x00000000e9300000)
  object space 26112K, 40% used [0x00000000bb800000,0x00000000bc268210,0x00000000bd180000)
 Metaspace       used 33212K, capacity 33564K, committed 33792K, reserved 1079296K
  class space    used 4203K, capacity 4304K, committed 4352K, reserved 1048576K
}

